[debug] [2022-09-18T16:20:37.716Z] ----------------------------------------------------------------------
[debug] [2022-09-18T16:20:37.721Z] Command:       C:\Program Files\nodejs\node.exe C:\Users\Vovick\AppData\Roaming\npm\node_modules\firebase-tools\lib\bin\firebase.js init
[debug] [2022-09-18T16:20:37.722Z] CLI Version:   11.9.0
[debug] [2022-09-18T16:20:37.722Z] Platform:      win32
[debug] [2022-09-18T16:20:37.722Z] Node Version:  v16.15.1
[debug] [2022-09-18T16:20:37.724Z] Time:          Sun Sep 18 2022 19:20:37 GMT+0300 (за східноєвропейським літнім часом)
[debug] [2022-09-18T16:20:37.725Z] ----------------------------------------------------------------------
[debug] 
[debug] [2022-09-18T16:20:37.746Z] > command requires scopes: ["email","openid","https://www.googleapis.com/auth/cloudplatformprojects.readonly","https://www.googleapis.com/auth/firebase","https://www.googleapis.com/auth/cloud-platform"]
[debug] [2022-09-18T16:20:37.747Z] > authorizing via signed-in user (volodimirsavin56@gmail.com)
[info] 
     ######## #### ########  ######## ########     ###     ######  ########
     ##        ##  ##     ## ##       ##     ##  ##   ##  ##       ##
     ######    ##  ########  ######   ########  #########  ######  ######
     ##        ##  ##    ##  ##       ##     ## ##     ##       ## ##
     ##       #### ##     ## ######## ########  ##     ##  ######  ########

You're about to initialize a Firebase project in this directory:

  C:\Users\Vovick\ritual\rithual_for\vue-rithual-site

[info] 
=== Project Setup
[info] 
[info] First, let's associate this project directory with a Firebase project.
[info] You can create multiple project aliases by running firebase use --add, 
[info] but for now we'll just set up a default project.
[info] 
[info] i  If you want to create a project in a Google Cloud organization or folder, please use "firebase projects:create" instead, and return to this command when you've created the project. 
[debug] [2022-09-18T16:22:45.402Z] >>> [apiv2][query] POST https://cloudresourcemanager.googleapis.com/v1/projects [none]
[debug] [2022-09-18T16:22:45.402Z] >>> [apiv2][body] POST https://cloudresourcemanager.googleapis.com/v1/projects {"projectId":"vue-rithual-site","name":"vue-rithual-site"}
[debug] [2022-09-18T16:22:46.636Z] <<< [apiv2][status] POST https://cloudresourcemanager.googleapis.com/v1/projects 200
[debug] [2022-09-18T16:22:46.637Z] <<< [apiv2][body] POST https://cloudresourcemanager.googleapis.com/v1/projects {"name":"operations/cp.9040800933820760811"}
[debug] [2022-09-18T16:22:46.639Z] >>> [apiv2][query] GET https://cloudresourcemanager.googleapis.com/v1/operations/cp.9040800933820760811 [none]
[debug] [2022-09-18T16:22:47.684Z] <<< [apiv2][status] GET https://cloudresourcemanager.googleapis.com/v1/operations/cp.9040800933820760811 200
[debug] [2022-09-18T16:22:47.685Z] <<< [apiv2][body] GET https://cloudresourcemanager.googleapis.com/v1/operations/cp.9040800933820760811 {"name":"operations/cp.9040800933820760811"}
[debug] [2022-09-18T16:22:48.195Z] [Project Creation Poller] Retrying task index 0
[debug] [2022-09-18T16:22:48.197Z] >>> [apiv2][query] GET https://cloudresourcemanager.googleapis.com/v1/operations/cp.9040800933820760811 [none]
[debug] [2022-09-18T16:22:49.224Z] <<< [apiv2][status] GET https://cloudresourcemanager.googleapis.com/v1/operations/cp.9040800933820760811 200
[debug] [2022-09-18T16:22:49.224Z] <<< [apiv2][body] GET https://cloudresourcemanager.googleapis.com/v1/operations/cp.9040800933820760811 {"name":"operations/cp.9040800933820760811","metadata":{"@type":"type.googleapis.com/google.cloudresourcemanager.v1.ProjectCreationStatus","gettable":true}}
[debug] [2022-09-18T16:22:50.225Z] [Project Creation Poller] Retrying task index 0
[debug] [2022-09-18T16:22:50.226Z] >>> [apiv2][query] GET https://cloudresourcemanager.googleapis.com/v1/operations/cp.9040800933820760811 [none]
[debug] [2022-09-18T16:22:51.303Z] <<< [apiv2][status] GET https://cloudresourcemanager.googleapis.com/v1/operations/cp.9040800933820760811 200
[debug] [2022-09-18T16:22:51.305Z] <<< [apiv2][body] GET https://cloudresourcemanager.googleapis.com/v1/operations/cp.9040800933820760811 {"name":"operations/cp.9040800933820760811","metadata":{"@type":"type.googleapis.com/google.cloudresourcemanager.v1.ProjectCreationStatus","gettable":true,"ready":true},"done":true,"response":{"@type":"type.googleapis.com/google.cloudresourcemanager.v1.Project","projectNumber":"127272987903","projectId":"vue-rithual-site","lifecycleState":"ACTIVE","name":"vue-rithual-site","createTime":"2022-09-18T16:22:53.540Z"}}
[debug] [2022-09-18T16:22:51.318Z] >>> [apiv2][query] POST https://firebase.googleapis.com/v1beta1/projects/vue-rithual-site:addFirebase [none]
[debug] [2022-09-18T16:22:52.493Z] <<< [apiv2][status] POST https://firebase.googleapis.com/v1beta1/projects/vue-rithual-site:addFirebase 403
[debug] [2022-09-18T16:22:52.493Z] <<< [apiv2][body] POST https://firebase.googleapis.com/v1beta1/projects/vue-rithual-site:addFirebase {"error":{"code":403,"message":"The caller does not have permission","status":"PERMISSION_DENIED"}}
[debug] [2022-09-18T16:22:52.495Z] HTTP Error: 403, The caller does not have permission
[debug] [2022-09-18T16:22:52.626Z] FirebaseError: HTTP Error: 403, The caller does not have permission
    at responseToError (C:\Users\Vovick\AppData\Roaming\npm\node_modules\firebase-tools\lib\responseToError.js:49:12)
    at RetryOperation._fn (C:\Users\Vovick\AppData\Roaming\npm\node_modules\firebase-tools\lib\apiv2.js:288:77)
    at processTicksAndRejections (node:internal/process/task_queues:96:5)
[error] 
[error] Error: Failed to add Firebase to Google Cloud Platform project. See firebase-debug.log for more info.
